2023-07-25 11:31:36,879 - root - INFO - Robot started.
2023-07-25 11:31:36,879 - root - INFO - Executing module mailbox
2023-07-25 11:31:38,916 - root - INFO - Mailbox module finished.
2023-07-25 11:31:38,921 - root - INFO - Browsing session started.
2023-07-25 11:31:45,683 - root - INFO - Processing requests for changes started.
2023-07-25 11:31:45,694 - root - INFO - requests dict created.
2023-07-25 11:31:46,499 - root - ERROR - An error has ocurred during fill form    : Error: No se han encontrado remesas para la fecha establecida
2023-07-25 11:31:46,814 - root - INFO - {'success': True, 'message': 'Mensaje recibido', 'data': None}
2023-07-25 11:31:46,817 - root - INFO - Processing requests for changes started.
2023-07-25 11:31:46,832 - root - INFO - requests dict created.
2023-07-25 11:31:47,655 - root - ERROR - An error has ocurred during fill form    : Error: La remesa pertenece a otro cliente
2023-07-25 11:31:47,739 - root - INFO - {'success': True, 'message': 'Mensaje recibido', 'data': None}
2023-07-25 11:31:48,866 - root - INFO - Browsing session finished.
2023-07-25 11:31:48,866 - root - INFO - Browsing module finished.
2023-07-25 11:31:48,866 - root - INFO - Processing module finished.
2023-07-25 11:31:50,902 - root - INFO - The email notifications were sent successfully.
2023-07-25 11:31:50,903 - root - INFO - Email module finished.
2023-07-25 11:31:50,903 - root - INFO - Robot finished.
2023-07-25 11:31:50,903 - root - INFO - Robot started.
2023-07-25 11:31:50,904 - root - INFO - Executing module mailbox
2023-07-25 11:32:02,232 - root - INFO - Executing module mailbox
2023-07-25 11:32:13,532 - root - INFO - Executing module mailbox
2023-07-25 11:32:24,979 - root - INFO - Executing module mailbox
2023-07-25 11:32:35,995 - root - INFO - Executing module mailbox
2023-07-25 11:32:47,316 - root - INFO - Executing module mailbox
2023-07-25 11:32:58,716 - root - INFO - Executing module mailbox
2023-07-25 11:33:10,106 - root - INFO - Executing module mailbox
2023-07-25 11:33:21,519 - root - INFO - Executing module mailbox
2023-07-25 11:33:32,896 - root - INFO - Executing module mailbox
2023-07-25 14:10:35,985 - root - INFO - Robot started.
2023-07-25 14:10:35,986 - root - INFO - Executing module mailbox
2023-07-25 14:10:38,294 - root - INFO - Mailbox module finished.
2023-07-25 14:10:38,309 - root - INFO - Browsing session started.
2023-07-25 14:11:44,320 - root - INFO - Processing requests for changes started.
2023-07-25 14:11:44,440 - root - INFO - requests dict created.
2023-07-25 14:11:46,610 - root - INFO - Error at obtain alert text window
2023-07-25 14:11:46,792 - root - INFO - {'success': True, 'message': 'Mensaje recibido', 'data': None}
2023-07-25 14:11:46,795 - root - INFO - Processing requests for changes started.
2023-07-25 14:11:46,818 - root - INFO - requests dict created.
2023-07-25 14:11:47,832 - root - INFO - Error at obtain alert text window
2023-07-25 14:11:47,927 - root - INFO - {'success': True, 'message': 'Mensaje recibido', 'data': None}
2023-07-25 14:11:47,948 - root - INFO - Processing requests for changes started.
2023-07-25 14:11:47,981 - root - INFO - requests dict created.
2023-07-25 14:11:49,020 - root - ERROR - An error has ocurred during fill form    : Error: La remesa pertenece a otro cliente
2023-07-25 14:11:49,118 - root - INFO - {'success': True, 'message': 'Mensaje recibido', 'data': None}
2023-07-25 14:11:50,443 - root - INFO - Browsing session finished.
2023-07-25 14:11:50,443 - root - INFO - Browsing module finished.
2023-07-25 14:11:50,443 - root - INFO - Processing module finished.
2023-07-25 14:11:52,548 - root - INFO - The email notifications were sent successfully.
2023-07-25 14:11:52,548 - root - INFO - Email module finished.
2023-07-25 14:11:52,548 - root - INFO - Robot finished.
2023-07-25 14:11:52,549 - root - INFO - Robot started.
2023-07-25 14:11:52,549 - root - INFO - Executing module mailbox
2023-07-25 14:12:03,917 - root - INFO - Executing module mailbox
2023-07-25 14:12:15,021 - root - INFO - Executing module mailbox
2023-07-25 14:12:26,223 - root - INFO - Executing module mailbox
2023-07-25 14:12:37,288 - root - INFO - Executing module mailbox
2023-07-25 14:13:09,692 - root - INFO - Robot started.
2023-07-25 14:13:09,692 - root - INFO - Executing module mailbox
2023-07-25 14:13:21,046 - root - INFO - Executing module mailbox
2023-07-25 14:13:23,082 - root - INFO - Mailbox module finished.
2023-07-25 14:13:23,088 - root - INFO - Browsing session started.
2023-07-25 14:13:29,727 - root - INFO - Processing requests for changes started.
2023-07-25 14:13:29,739 - root - INFO - requests dict created.
2023-07-25 14:13:30,767 - root - INFO - Error at obtain alert text window
2023-07-25 14:13:31,013 - root - INFO - {'success': True, 'message': 'Mensaje recibido', 'data': None}
2023-07-25 14:13:31,016 - root - INFO - Processing requests for changes started.
2023-07-25 14:13:31,026 - root - INFO - requests dict created.
2023-07-25 14:13:32,008 - root - INFO - Error at obtain alert text window
2023-07-25 14:13:32,112 - root - INFO - {'success': True, 'message': 'Mensaje recibido', 'data': None}
2023-07-25 14:13:32,115 - root - INFO - Processing requests for changes started.
2023-07-25 14:13:32,127 - root - INFO - requests dict created.
2023-07-25 14:13:33,220 - root - ERROR - An error has ocurred during fill form    : Error: La remesa pertenece a otro cliente
2023-07-25 14:13:33,519 - root - INFO - {'success': True, 'message': 'Mensaje recibido', 'data': None}
2023-07-25 14:13:34,824 - root - INFO - Browsing session finished.
2023-07-25 14:13:34,824 - root - INFO - Browsing module finished.
2023-07-25 14:13:34,824 - root - INFO - Processing module finished.
2023-07-25 14:13:36,713 - root - INFO - The email notifications were sent successfully.
2023-07-25 14:13:36,713 - root - INFO - Email module finished.
2023-07-25 14:13:36,713 - root - INFO - Robot finished.
2023-07-25 14:13:36,714 - root - INFO - Robot started.
2023-07-25 14:13:36,714 - root - INFO - Executing module mailbox
2023-07-25 14:13:48,075 - root - INFO - Executing module mailbox
2023-07-25 14:14:33,877 - root - INFO - Robot started.
2023-07-25 14:14:33,877 - root - INFO - Executing module mailbox
2023-07-25 14:14:45,171 - root - INFO - Executing module mailbox
2023-07-25 14:14:56,441 - root - INFO - Executing module mailbox
2023-07-25 14:15:00,132 - root - INFO - The email notifications were sent successfully.
2023-07-25 14:15:00,134 - root - INFO - Robot started.
2023-07-25 14:15:00,135 - root - INFO - Executing module mailbox
2023-07-25 14:15:01,823 - root - INFO - Mailbox module finished.
2023-07-25 14:15:01,829 - root - INFO - Browsing session started.
2023-07-25 14:15:07,629 - root - INFO - Processing requests for changes started.
2023-07-25 14:15:07,653 - root - INFO - requests dict created.
2023-07-25 14:15:09,289 - root - INFO - {'success': True, 'message': 'Mensaje recibido', 'data': None}
2023-07-25 14:15:09,291 - root - INFO - Processing requests for changes started.
2023-07-25 14:15:09,304 - root - INFO - requests dict created.
2023-07-25 14:15:10,653 - root - INFO - {'success': True, 'message': 'Mensaje recibido', 'data': None}
2023-07-25 14:15:11,905 - root - INFO - Browsing session finished.
2023-07-25 14:15:11,905 - root - INFO - Browsing module finished.
2023-07-25 14:15:11,905 - root - INFO - Processing module finished.
2023-07-25 14:15:13,521 - root - INFO - The email notifications were sent successfully.
2023-07-25 14:15:13,522 - root - INFO - Email module finished.
2023-07-25 14:15:13,522 - root - INFO - Robot finished.
2023-07-25 14:15:13,522 - root - INFO - Robot started.
2023-07-25 14:15:13,522 - root - INFO - Executing module mailbox
2023-07-25 14:15:24,752 - root - INFO - Executing module mailbox
2023-07-25 14:15:36,109 - root - INFO - Executing module mailbox
2023-07-25 14:15:47,172 - root - INFO - Executing module mailbox
2023-07-25 14:15:58,515 - root - INFO - Executing module mailbox
2023-07-25 14:16:09,800 - root - INFO - Executing module mailbox
2023-07-25 14:16:21,165 - root - INFO - Executing module mailbox
2023-07-25 14:16:32,404 - root - INFO - Executing module mailbox
2023-07-25 14:16:43,728 - root - INFO - Executing module mailbox
2023-07-25 14:16:55,133 - root - INFO - Executing module mailbox
2023-07-25 14:17:06,363 - root - INFO - Executing module mailbox
2023-07-25 14:17:17,697 - root - INFO - Executing module mailbox
2023-07-25 14:17:29,087 - root - INFO - Executing module mailbox
2023-07-25 14:17:40,107 - root - INFO - Executing module mailbox
2023-07-25 14:17:51,494 - root - INFO - Executing module mailbox
2023-07-25 14:17:53,139 - root - INFO - Mailbox module finished.
2023-07-25 14:17:53,140 - root - INFO - Browsing session started.
2023-07-25 14:17:54,658 - root - INFO - The email notifications were sent successfully.
2023-07-25 14:17:54,659 - root - INFO - Robot started.
2023-07-25 14:17:54,660 - root - INFO - Executing module mailbox
2023-07-25 14:18:06,158 - root - INFO - Robot started.
2023-07-25 14:18:06,159 - root - INFO - Executing module mailbox
2023-07-25 14:18:17,572 - root - INFO - Executing module mailbox
2023-07-25 14:18:28,790 - root - INFO - Executing module mailbox
2023-07-25 14:18:40,101 - root - INFO - Executing module mailbox
2023-07-25 14:18:51,487 - root - INFO - Executing module mailbox
2023-07-25 14:19:02,770 - root - INFO - Executing module mailbox
2023-07-25 14:19:13,957 - root - INFO - Executing module mailbox
2023-07-25 14:19:24,975 - root - INFO - Executing module mailbox
2023-07-25 14:19:36,331 - root - INFO - Executing module mailbox
2023-07-25 14:19:47,602 - root - INFO - Executing module mailbox
2023-07-25 14:19:49,560 - root - INFO - Mailbox module finished.
2023-07-25 14:19:49,566 - root - INFO - Browsing session started.
2023-07-25 14:19:55,564 - root - INFO - Processing requests for changes started.
2023-07-25 14:19:55,587 - root - INFO - requests dict created.
2023-07-25 14:19:56,428 - root - ERROR - An error has ocurred during fill form    : Error: No se han encontrado remesas para la fecha establecida
2023-07-25 14:19:56,428 - root - INFO - {'operacion': 'CAMBIOCLIENTESENREME', 'fechaOperacion': '25/07/2023 14:19:55', 'FWO': 9014157649, 'datos': [{'estado': 'false', 'mensage': 'Error: No se han encontrado remesas para la fecha establecida', 'consecutivoRespuesta': '', 'remesa': 401204721, 'factura': ''}]}
2023-07-25 14:19:56,505 - root - INFO - {'success': True, 'message': 'Mensaje recibido', 'data': None}
2023-07-25 14:19:56,508 - root - INFO - Processing requests for changes started.
2023-07-25 14:19:56,519 - root - INFO - requests dict created.
2023-07-25 14:19:57,453 - root - ERROR - An error has ocurred during fill form    : Error: La remesa pertenece a otro cliente
2023-07-25 14:19:57,454 - root - INFO - {'operacion': 'CAMBIOCLIENTESENREME', 'fechaOperacion': '25/07/2023 14:19:56', 'FWO': 8909018667, 'datos': [{'estado': 'false', 'mensage': 'Error: No se han encontrado remesas para la fecha establecida', 'consecutivoRespuesta': '', 'remesa': 401204721, 'factura': ''}, {'estado': 'false', 'mensage': 'Error: La remesa pertenece a otro cliente', 'consecutivoRespuesta': '', 'remesa': 401170966, 'factura': ''}]}
2023-07-25 14:19:57,531 - root - INFO - {'success': True, 'message': 'Mensaje recibido', 'data': None}
2023-07-25 14:19:57,532 - root - INFO - Processing requests for changes started.
2023-07-25 14:19:57,539 - root - INFO - requests dict created.
2023-07-25 14:19:58,607 - root - ERROR - An error has ocurred during fill form    : Error: La remesa pertenece a otro cliente
2023-07-25 14:19:58,607 - root - INFO - {'operacion': 'CAMBIOCLIENTESENREME', 'fechaOperacion': '25/07/2023 14:19:57', 'FWO': 8600002616, 'datos': [{'estado': 'false', 'mensage': 'Error: No se han encontrado remesas para la fecha establecida', 'consecutivoRespuesta': '', 'remesa': 401204721, 'factura': ''}, {'estado': 'false', 'mensage': 'Error: La remesa pertenece a otro cliente', 'consecutivoRespuesta': '', 'remesa': 401170966, 'factura': ''}, {'estado': 'false', 'mensage': 'Error: La remesa pertenece a otro cliente', 'consecutivoRespuesta': '', 'remesa': 401175882, 'factura': ''}]}
2023-07-25 14:19:58,694 - root - INFO - {'success': True, 'message': 'Mensaje recibido', 'data': None}
2023-07-25 14:19:59,881 - root - INFO - Browsing session finished.
2023-07-25 14:19:59,882 - root - INFO - Browsing module finished.
2023-07-25 14:19:59,882 - root - INFO - Processing module finished.
2023-07-25 14:20:01,767 - root - INFO - The email notifications were sent successfully.
2023-07-25 14:20:01,767 - root - INFO - Email module finished.
2023-07-25 14:20:01,767 - root - INFO - Robot finished.
2023-07-25 14:20:01,768 - root - INFO - Robot started.
2023-07-25 14:20:01,768 - root - INFO - Executing module mailbox
2023-07-25 14:20:13,135 - root - INFO - Executing module mailbox
2023-07-25 14:20:24,538 - root - INFO - Executing module mailbox
2023-07-25 14:20:35,825 - root - INFO - Executing module mailbox
2023-07-25 14:20:46,925 - root - INFO - Executing module mailbox
2023-07-25 14:20:58,030 - root - INFO - Executing module mailbox
2023-07-25 14:21:09,272 - root - INFO - Executing module mailbox
2023-07-25 14:21:20,616 - root - INFO - Executing module mailbox
2023-07-25 14:21:31,932 - root - INFO - Executing module mailbox
2023-07-25 14:21:43,286 - root - INFO - Executing module mailbox
2023-07-25 14:21:54,654 - root - INFO - Executing module mailbox
2023-07-25 14:22:05,961 - root - INFO - Executing module mailbox
2023-07-25 14:22:17,043 - root - INFO - Executing module mailbox
2023-07-25 14:22:28,467 - root - INFO - Executing module mailbox
2023-07-25 14:22:39,698 - root - INFO - Executing module mailbox
2023-07-25 14:22:51,193 - root - INFO - Executing module mailbox
2023-07-25 14:23:02,239 - root - INFO - Executing module mailbox
2023-07-25 14:23:05,703 - root - INFO - The email notifications were sent successfully.
2023-07-25 14:23:05,705 - root - INFO - Robot started.
2023-07-25 14:23:05,706 - root - INFO - Executing module mailbox
2023-07-25 14:23:07,602 - root - INFO - Mailbox module finished.
2023-07-25 14:23:07,602 - root - INFO - Browsing session started.
2023-07-25 14:23:09,199 - root - INFO - The email notifications were sent successfully.
2023-07-25 14:23:09,201 - root - INFO - Robot started.
2023-07-25 14:23:09,201 - root - INFO - Executing module mailbox
2023-07-25 14:23:20,455 - root - INFO - Executing module mailbox
2023-07-25 14:23:31,820 - root - INFO - Executing module mailbox
2023-07-25 14:23:43,056 - root - INFO - Executing module mailbox
2023-07-25 14:23:54,274 - root - INFO - Executing module mailbox
2023-07-25 14:24:05,510 - root - INFO - Executing module mailbox
2023-07-25 14:24:07,461 - root - INFO - Mailbox module finished.
2023-07-25 14:24:07,462 - root - INFO - Browsing session started.
2023-07-25 14:24:09,384 - root - INFO - The email notifications were sent successfully.
2023-07-25 14:24:09,385 - root - INFO - Robot started.
2023-07-25 14:24:09,385 - root - INFO - Executing module mailbox
2023-07-25 14:24:20,648 - root - INFO - Executing module mailbox
2023-07-25 14:24:31,927 - root - INFO - Executing module mailbox
2023-07-25 14:24:43,178 - root - INFO - Executing module mailbox
2023-07-25 14:24:54,340 - root - INFO - Executing module mailbox
2023-07-25 14:25:05,976 - root - INFO - Robot started.
2023-07-25 14:25:05,976 - root - INFO - Executing module mailbox
2023-07-25 14:25:17,338 - root - INFO - Executing module mailbox
2023-07-25 14:25:19,303 - root - INFO - Mailbox module finished.
2023-07-25 14:25:19,309 - root - INFO - Browsing session started.
2023-07-25 14:25:25,168 - root - INFO - Processing requests for changes started.
2023-07-25 14:25:25,181 - root - INFO - requests dict created.
2023-07-25 14:25:25,943 - root - ERROR - An error has ocurred during fill form    : Error: No se han encontrado remesas para la fecha establecida
2023-07-25 14:25:25,943 - root - INFO - {'operacion': 'CAMBIOCLIENTESENREME', 'fechaOperacion': '25/07/2023 14:25:25', 'FWO': 9014157649, 'datos': [{'estado': 'false', 'mensage': 'Error: No se han encontrado remesas para la fecha establecida', 'consecutivoRespuesta': '', 'remesa': 401204721, 'factura': 0}]}
2023-07-25 14:25:26,037 - root - INFO - {'success': True, 'message': 'Mensaje recibido', 'data': None}
2023-07-25 14:25:26,040 - root - INFO - Processing requests for changes started.
2023-07-25 14:25:26,050 - root - INFO - requests dict created.
2023-07-25 14:25:26,882 - root - ERROR - An error has ocurred during fill form    : Error: La remesa pertenece a otro cliente
2023-07-25 14:25:26,883 - root - INFO - {'operacion': 'CAMBIOCLIENTESENREME', 'fechaOperacion': '25/07/2023 14:25:26', 'FWO': 8909018667, 'datos': [{'estado': 'false', 'mensage': 'Error: No se han encontrado remesas para la fecha establecida', 'consecutivoRespuesta': '', 'remesa': 401204721, 'factura': 0}, {'estado': 'false', 'mensage': 'Error: La remesa pertenece a otro cliente', 'consecutivoRespuesta': '', 'remesa': 401170966, 'factura': 0}]}
2023-07-25 14:25:26,956 - root - INFO - {'success': True, 'message': 'Mensaje recibido', 'data': None}
2023-07-25 14:25:26,959 - root - INFO - Processing requests for changes started.
2023-07-25 14:25:26,973 - root - INFO - requests dict created.
2023-07-25 14:25:28,040 - root - ERROR - An error has ocurred during fill form    : Error: La remesa pertenece a otro cliente
2023-07-25 14:25:28,040 - root - INFO - {'operacion': 'CAMBIOCLIENTESENREME', 'fechaOperacion': '25/07/2023 14:25:26', 'FWO': 8600002616, 'datos': [{'estado': 'false', 'mensage': 'Error: No se han encontrado remesas para la fecha establecida', 'consecutivoRespuesta': '', 'remesa': 401204721, 'factura': 0}, {'estado': 'false', 'mensage': 'Error: La remesa pertenece a otro cliente', 'consecutivoRespuesta': '', 'remesa': 401170966, 'factura': 0}, {'estado': 'false', 'mensage': 'Error: La remesa pertenece a otro cliente', 'consecutivoRespuesta': '', 'remesa': 401175882, 'factura': 0}]}
2023-07-25 14:25:28,111 - root - INFO - {'success': True, 'message': 'Mensaje recibido', 'data': None}
2023-07-25 14:25:29,333 - root - INFO - Browsing session finished.
2023-07-25 14:25:29,334 - root - INFO - Browsing module finished.
2023-07-25 14:25:29,334 - root - INFO - Processing module finished.
2023-07-25 14:25:30,989 - root - INFO - The email notifications were sent successfully.
2023-07-25 14:25:30,989 - root - INFO - Email module finished.
2023-07-25 14:25:30,989 - root - INFO - Robot finished.
2023-07-25 14:25:30,990 - root - INFO - Robot started.
2023-07-25 14:25:30,990 - root - INFO - Executing module mailbox
2023-07-25 14:25:42,291 - root - INFO - Executing module mailbox
2023-07-25 14:25:53,565 - root - INFO - Executing module mailbox
2023-07-25 14:26:04,869 - root - INFO - Executing module mailbox
2023-07-25 14:26:15,908 - root - INFO - Executing module mailbox
